2019-12-20 09:50:40,170 - C:\Users\jctong\Desktop\API\ApiTest\case\mybase.py[line:10] - INFO: =====测试开始=====
2019-12-20 09:50:40,174 - C:\Users\jctong\Desktop\API\ApiTest\case\web\ddt_login_case.py[line:18] - INFO: ======ddt驱动模式======
2019-12-20 09:50:40,174 - C:\Users\jctong\Desktop\API\ApiTest\case\web\ddt_login_case.py[line:19] - INFO: ======setUp======
2019-12-20 09:50:44,391 - C:\Users\jctong\Desktop\API\ApiTest\case\web\ddt_login_case.py[line:30] - INFO: 接口调用......
2019-12-20 09:50:44,391 - C:\Users\jctong\Desktop\API\ApiTest\case\web\ddt_login_case.py[line:34] - INFO: 断言：【SUCCESS】？=【SUCCESS】
2019-12-20 09:50:44,391 - C:\Users\jctong\Desktop\API\ApiTest\case\web\ddt_login_case.py[line:39] - INFO: ======tearDown======
2019-12-20 09:50:44,394 - C:\Users\jctong\Desktop\API\ApiTest\case\web\ddt_login_case.py[line:18] - INFO: ======ddt驱动模式======
2019-12-20 09:50:44,394 - C:\Users\jctong\Desktop\API\ApiTest\case\web\ddt_login_case.py[line:19] - INFO: ======setUp======
2019-12-20 09:50:44,430 - C:\Users\jctong\Desktop\API\ApiTest\case\web\ddt_login_case.py[line:30] - INFO: 接口调用......
2019-12-20 09:50:44,430 - C:\Users\jctong\Desktop\API\ApiTest\case\web\ddt_login_case.py[line:34] - INFO: 断言：【用户名或密码错误】？=【用户名或密码错误】
2019-12-20 09:50:44,430 - C:\Users\jctong\Desktop\API\ApiTest\case\web\ddt_login_case.py[line:39] - INFO: ======tearDown======
2019-12-20 09:50:44,431 - C:\Users\jctong\Desktop\API\ApiTest\case\mybase.py[line:17] - INFO: =====测试结束=====
2019-12-20 09:50:44,431 - C:\Users\jctong\Desktop\API\ApiTest\case\mybase.py[line:10] - INFO: =====测试开始=====
2019-12-20 09:50:44,431 - C:\Users\jctong\Desktop\API\ApiTest\case\web\test_login_case.py[line:37] - INFO: ==========测试账号密码错误登录失败场景==========
2019-12-20 09:50:44,433 - C:\Users\jctong\Desktop\API\ApiTest\case\web\test_login_case.py[line:43] - INFO: 读取URL--【http://web.test4.smartpig.bajietong.net/api/v2/base/account/login】
2019-12-20 09:50:44,433 - C:\Users\jctong\Desktop\API\ApiTest\case\web\test_login_case.py[line:46] - INFO: 接口参数--【{"userName":"tongjc","password":"12687c51cd111f79bcfbd19407adb36e410","verificationCode":"ds","cancelToken":{"promise":{}}}】
2019-12-20 09:50:44,468 - C:\Users\jctong\Desktop\API\ApiTest\case\web\test_login_case.py[line:54] - INFO: 断言：【用户名或密码错误】?=【用户名或密码错误】
2019-12-20 09:50:44,468 - C:\Users\jctong\Desktop\API\ApiTest\case\web\test_login_case.py[line:15] - INFO: ==========测试账号密码正确登录成功场景==========
2019-12-20 09:50:44,471 - C:\Users\jctong\Desktop\API\ApiTest\case\web\test_login_case.py[line:21] - INFO: 读取URL--【http://web.test4.smartpig.bajietong.net/api/v2/base/account/login】
2019-12-20 09:50:44,471 - C:\Users\jctong\Desktop\API\ApiTest\case\web\test_login_case.py[line:24] - INFO: 接口参数--【{"userName":"tongjc","password":"12687c51cdf79bcfbd19407adb36e410","verificationCode":"ds","cancelToken":{"promise":{}}}】
2019-12-20 09:50:48,569 - C:\Users\jctong\Desktop\API\ApiTest\case\web\test_login_case.py[line:32] - INFO: 断言：【SUCCESS】?=【SUCCESS】
2019-12-20 09:50:48,569 - C:\Users\jctong\Desktop\API\ApiTest\case\mybase.py[line:17] - INFO: =====测试结束=====
2019-12-20 10:03:20,112 - C:\Users\jctong\Desktop\API\ApiTest\case\mybase.py[line:10] - INFO: =====测试开始=====
2019-12-20 10:03:20,112 - C:\Users\jctong\Desktop\API\ApiTest\case\web\ddt_login_case.py[line:18] - INFO: ======ddt驱动模式======
2019-12-20 10:03:20,113 - C:\Users\jctong\Desktop\API\ApiTest\case\web\ddt_login_case.py[line:19] - INFO: ======setUp======
2019-12-20 10:03:20,113 - C:\Users\jctong\Desktop\API\ApiTest\case\web\ddt_login_case.py[line:20] - INFO: ======ddt驱动模式======
2019-12-20 10:03:20,113 - C:\Users\jctong\Desktop\API\ApiTest\case\web\ddt_login_case.py[line:21] - INFO: ======setUp======
2019-12-20 10:03:23,887 - C:\Users\jctong\Desktop\API\ApiTest\case\web\ddt_login_case.py[line:32] - INFO: 接口调用......
2019-12-20 10:03:23,887 - C:\Users\jctong\Desktop\API\ApiTest\case\web\ddt_login_case.py[line:35] - INFO: 断言：【SUCCESS】？=【SUCCESS】
2019-12-20 10:03:23,888 - C:\Users\jctong\Desktop\API\ApiTest\case\web\ddt_login_case.py[line:36] - INFO: 断言：【SUCCESS】？=【SUCCESS】
2019-12-20 10:03:23,888 - C:\Users\jctong\Desktop\API\ApiTest\case\web\ddt_login_case.py[line:41] - INFO: ======tearDown======
2019-12-20 10:03:23,888 - C:\Users\jctong\Desktop\API\ApiTest\case\web\ddt_login_case.py[line:42] - INFO: ======tearDown======
2019-12-20 10:03:23,888 - C:\Users\jctong\Desktop\API\ApiTest\case\web\ddt_login_case.py[line:18] - INFO: ======ddt驱动模式======
2019-12-20 10:03:23,888 - C:\Users\jctong\Desktop\API\ApiTest\case\web\ddt_login_case.py[line:19] - INFO: ======setUp======
2019-12-20 10:03:23,888 - C:\Users\jctong\Desktop\API\ApiTest\case\web\ddt_login_case.py[line:20] - INFO: ======ddt驱动模式======
2019-12-20 10:03:23,888 - C:\Users\jctong\Desktop\API\ApiTest\case\web\ddt_login_case.py[line:21] - INFO: ======setUp======
2019-12-20 10:03:23,922 - C:\Users\jctong\Desktop\API\ApiTest\case\web\ddt_login_case.py[line:32] - INFO: 接口调用......
2019-12-20 10:03:23,922 - C:\Users\jctong\Desktop\API\ApiTest\case\web\ddt_login_case.py[line:35] - INFO: 断言：【用户名或密码错误】？=【用户名或密码错误】
2019-12-20 10:03:23,922 - C:\Users\jctong\Desktop\API\ApiTest\case\web\ddt_login_case.py[line:36] - INFO: 断言：【用户名或密码错误】？=【用户名或密码错误】
2019-12-20 10:03:23,922 - C:\Users\jctong\Desktop\API\ApiTest\case\web\ddt_login_case.py[line:41] - INFO: ======tearDown======
2019-12-20 10:03:23,922 - C:\Users\jctong\Desktop\API\ApiTest\case\web\ddt_login_case.py[line:42] - INFO: ======tearDown======
2019-12-20 10:03:23,922 - C:\Users\jctong\Desktop\API\ApiTest\case\mybase.py[line:17] - INFO: =====测试结束=====
2019-12-20 10:03:23,922 - C:\Users\jctong\Desktop\API\ApiTest\case\mybase.py[line:10] - INFO: =====测试开始=====
2019-12-20 10:03:23,923 - C:\Users\jctong\Desktop\API\ApiTest\case\web\test_login_case.py[line:41] - INFO: ==========测试账号密码错误登录失败场景==========
2019-12-20 10:03:23,923 - C:\Users\jctong\Desktop\API\ApiTest\case\web\test_login_case.py[line:42] - INFO: ==========测试账号密码错误登录失败场景==========
2019-12-20 10:03:23,925 - C:\Users\jctong\Desktop\API\ApiTest\case\web\test_login_case.py[line:48] - INFO: 读取URL--【http://web.test4.smartpig.bajietong.net/api/v2/base/account/login】
2019-12-20 10:03:23,925 - C:\Users\jctong\Desktop\API\ApiTest\case\web\test_login_case.py[line:49] - INFO: 读取URL--【http://web.test4.smartpig.bajietong.net/api/v2/base/account/login】
2019-12-20 10:03:23,925 - C:\Users\jctong\Desktop\API\ApiTest\case\web\test_login_case.py[line:52] - INFO: 接口参数--【{"userName":"tongjc","password":"12687c51cd111f79bcfbd19407adb36e410","verificationCode":"ds","cancelToken":{"promise":{}}}】
2019-12-20 10:03:23,926 - C:\Users\jctong\Desktop\API\ApiTest\case\web\test_login_case.py[line:53] - INFO: 接口参数--【{"userName":"tongjc","password":"12687c51cd111f79bcfbd19407adb36e410","verificationCode":"ds","cancelToken":{"promise":{}}}】
2019-12-20 10:03:23,957 - C:\Users\jctong\Desktop\API\ApiTest\case\web\test_login_case.py[line:61] - INFO: 断言：【用户名或密码错误】？=【用户名或密码错误】
2019-12-20 10:03:23,957 - C:\Users\jctong\Desktop\API\ApiTest\case\web\test_login_case.py[line:62] - INFO: 断言：【用户名或密码错误】？=【用户名或密码错误】
2019-12-20 10:03:23,957 - C:\Users\jctong\Desktop\API\ApiTest\case\web\test_login_case.py[line:15] - INFO: ==========测试账号密码正确登录成功场景==========
2019-12-20 10:03:23,957 - C:\Users\jctong\Desktop\API\ApiTest\case\web\test_login_case.py[line:16] - INFO: ==========测试账号密码正确登录成功场景==========
2019-12-20 10:03:23,960 - C:\Users\jctong\Desktop\API\ApiTest\case\web\test_login_case.py[line:22] - INFO: 读取URL--【http://web.test4.smartpig.bajietong.net/api/v2/base/account/login】
2019-12-20 10:03:23,960 - C:\Users\jctong\Desktop\API\ApiTest\case\web\test_login_case.py[line:23] - INFO: 读取URL--【http://web.test4.smartpig.bajietong.net/api/v2/base/account/login】
2019-12-20 10:03:23,960 - C:\Users\jctong\Desktop\API\ApiTest\case\web\test_login_case.py[line:26] - INFO: 接口参数--【{"userName":"tongjc","password":"12687c51cdf79bcfbd19407adb36e410","verificationCode":"ds","cancelToken":{"promise":{}}}】
2019-12-20 10:03:23,960 - C:\Users\jctong\Desktop\API\ApiTest\case\web\test_login_case.py[line:27] - INFO: 接口参数--【{"userName":"tongjc","password":"12687c51cdf79bcfbd19407adb36e410","verificationCode":"ds","cancelToken":{"promise":{}}}】
2019-12-20 10:03:27,691 - C:\Users\jctong\Desktop\API\ApiTest\case\web\test_login_case.py[line:35] - INFO: 断言：【SUCCESS】？=【SUCCESS】
2019-12-20 10:03:27,691 - C:\Users\jctong\Desktop\API\ApiTest\case\web\test_login_case.py[line:36] - INFO: 断言：【SUCCESS】？=【SUCCESS】
2019-12-20 10:03:27,691 - C:\Users\jctong\Desktop\API\ApiTest\case\mybase.py[line:17] - INFO: =====测试结束=====
2019-12-20 10:06:25,654 - C:\Users\jctong\Desktop\API\ApiTest\case\mybase.py[line:10] - INFO: =====测试开始=====
2019-12-20 10:06:25,654 - C:\Users\jctong\Desktop\API\ApiTest\case\web\ddt_login_case.py[line:18] - INFO: ======ddt驱动模式======
2019-12-20 10:06:25,654 - C:\Users\jctong\Desktop\API\ApiTest\case\web\ddt_login_case.py[line:19] - INFO: ======setUp======
2019-12-20 10:06:29,479 - C:\Users\jctong\Desktop\API\ApiTest\case\web\ddt_login_case.py[line:32] - INFO: 接口调用......
2019-12-20 10:06:29,479 - C:\Users\jctong\Desktop\API\ApiTest\case\web\ddt_login_case.py[line:35] - INFO: 断言：【SUCCESS】？=【SUCCESS】
2019-12-20 10:06:29,479 - C:\Users\jctong\Desktop\API\ApiTest\case\web\ddt_login_case.py[line:41] - INFO: ======tearDown======
2019-12-20 10:06:29,479 - C:\Users\jctong\Desktop\API\ApiTest\case\web\ddt_login_case.py[line:18] - INFO: ======ddt驱动模式======
2019-12-20 10:06:29,480 - C:\Users\jctong\Desktop\API\ApiTest\case\web\ddt_login_case.py[line:19] - INFO: ======setUp======
2019-12-20 10:06:29,514 - C:\Users\jctong\Desktop\API\ApiTest\case\web\ddt_login_case.py[line:32] - INFO: 接口调用......
2019-12-20 10:06:29,514 - C:\Users\jctong\Desktop\API\ApiTest\case\web\ddt_login_case.py[line:35] - INFO: 断言：【用户名或密码错误】？=【用户名或密码错误】
2019-12-20 10:06:29,514 - C:\Users\jctong\Desktop\API\ApiTest\case\web\ddt_login_case.py[line:41] - INFO: ======tearDown======
2019-12-20 10:06:29,514 - C:\Users\jctong\Desktop\API\ApiTest\case\mybase.py[line:17] - INFO: =====测试结束=====
2019-12-20 10:06:29,514 - C:\Users\jctong\Desktop\API\ApiTest\case\mybase.py[line:10] - INFO: =====测试开始=====
2019-12-20 10:06:29,514 - C:\Users\jctong\Desktop\API\ApiTest\case\web\test_login_case.py[line:41] - INFO: ==========测试账号密码错误登录失败场景==========
2019-12-20 10:06:29,515 - C:\Users\jctong\Desktop\API\ApiTest\case\web\test_login_case.py[line:42] - INFO: ==========测试账号密码错误登录失败场景==========
2019-12-20 10:06:29,517 - C:\Users\jctong\Desktop\API\ApiTest\case\web\test_login_case.py[line:48] - INFO: 读取URL--【http://web.test4.smartpig.bajietong.net/api/v2/base/account/login】
2019-12-20 10:06:29,517 - C:\Users\jctong\Desktop\API\ApiTest\case\web\test_login_case.py[line:49] - INFO: 读取URL--【http://web.test4.smartpig.bajietong.net/api/v2/base/account/login】
2019-12-20 10:06:29,518 - C:\Users\jctong\Desktop\API\ApiTest\case\web\test_login_case.py[line:52] - INFO: 接口参数--【{"userName":"tongjc","password":"12687c51cd111f79bcfbd19407adb36e410","verificationCode":"ds","cancelToken":{"promise":{}}}】
2019-12-20 10:06:29,518 - C:\Users\jctong\Desktop\API\ApiTest\case\web\test_login_case.py[line:53] - INFO: 接口参数--【{"userName":"tongjc","password":"12687c51cd111f79bcfbd19407adb36e410","verificationCode":"ds","cancelToken":{"promise":{}}}】
2019-12-20 10:06:29,558 - C:\Users\jctong\Desktop\API\ApiTest\case\web\test_login_case.py[line:61] - INFO: 断言：【用户名或密码错误】？=【用户名或密码错误】
2019-12-20 10:06:29,559 - C:\Users\jctong\Desktop\API\ApiTest\case\web\test_login_case.py[line:62] - INFO: 断言：【用户名或密码错误】？=【用户名或密码错误】
2019-12-20 10:06:29,559 - C:\Users\jctong\Desktop\API\ApiTest\case\web\test_login_case.py[line:15] - INFO: ==========测试账号密码正确登录成功场景==========
2019-12-20 10:06:29,559 - C:\Users\jctong\Desktop\API\ApiTest\case\web\test_login_case.py[line:16] - INFO: ==========测试账号密码正确登录成功场景==========
2019-12-20 10:06:29,561 - C:\Users\jctong\Desktop\API\ApiTest\case\web\test_login_case.py[line:22] - INFO: 读取URL--【http://web.test4.smartpig.bajietong.net/api/v2/base/account/login】
2019-12-20 10:06:29,561 - C:\Users\jctong\Desktop\API\ApiTest\case\web\test_login_case.py[line:23] - INFO: 读取URL--【http://web.test4.smartpig.bajietong.net/api/v2/base/account/login】
2019-12-20 10:06:29,561 - C:\Users\jctong\Desktop\API\ApiTest\case\web\test_login_case.py[line:26] - INFO: 接口参数--【{"userName":"tongjc","password":"12687c51cdf79bcfbd19407adb36e410","verificationCode":"ds","cancelToken":{"promise":{}}}】
2019-12-20 10:06:29,561 - C:\Users\jctong\Desktop\API\ApiTest\case\web\test_login_case.py[line:27] - INFO: 接口参数--【{"userName":"tongjc","password":"12687c51cdf79bcfbd19407adb36e410","verificationCode":"ds","cancelToken":{"promise":{}}}】
2019-12-20 10:06:33,297 - C:\Users\jctong\Desktop\API\ApiTest\case\web\test_login_case.py[line:35] - INFO: 断言：【SUCCESS】？=【SUCCESS】
2019-12-20 10:06:33,297 - C:\Users\jctong\Desktop\API\ApiTest\case\web\test_login_case.py[line:36] - INFO: 断言：【SUCCESS】？=【SUCCESS】
2019-12-20 10:06:33,297 - C:\Users\jctong\Desktop\API\ApiTest\case\mybase.py[line:17] - INFO: =====测试结束=====
